Using pre-set license
Built from '2020.2/release' branch; Version is '2020.2.0f1 (3721df5a8b28) revision 3613151'; Using compiler version '192528614'; Build Type 'Release'
OS: 'Windows 10  (10.0.0) 64bit' Language: 'ko' Physical Memory: 16315 MB
BatchMode: 1, IsHumanControllingUs: 0, StartBugReporterOnCrash: 0, Is64bit: 1, IsPro: 0

 COMMAND LINE ARGUMENTS:
F:\Program Files\2020.2.0f1\Editor\Unity.exe
-adb2
-batchMode
-noUpm
-name
AssetImportWorker0
-projectPath
D:/Coding/MeshJam/Genre-Mash-Jam/Robot-Platformer-TDefense
-logFile
Logs/AssetImportWorker0.log
-srvPort
56140
Successfully changed project path to: D:/Coding/MeshJam/Genre-Mash-Jam/Robot-Platformer-TDefense
D:/Coding/MeshJam/Genre-Mash-Jam/Robot-Platformer-TDefense
Using Asset Import Pipeline V2.
Refreshing native plugins compatible for Editor in 31.98 ms, found 1 plugins.
Preloading 0 native plugins for Editor in 0.00 ms.
Initialize engine version: 2020.2.0f1 (3721df5a8b28)
[Subsystems] Discovering subsystems at path F:/Program Files/2020.2.0f1/Editor/Data/Resources/UnitySubsystems
[Subsystems] Discovering subsystems at path D:/Coding/MeshJam/Genre-Mash-Jam/Robot-Platformer-TDefense/Assets
GfxDevice: creating device client; threaded=0
Direct3D:
    Version:  Direct3D 11.0 [level 11.1]
    Renderer: NVIDIA GeForce RTX 2060 SUPER (ID=0x1f06)
    Vendor:   
    VRAM:     8031 MB
    Driver:   27.21.14.5671
Initialize mono
Mono path[0] = 'F:/Program Files/2020.2.0f1/Editor/Data/Managed'
Mono path[1] = 'F:/Program Files/2020.2.0f1/Editor/Data/MonoBleedingEdge/lib/mono/unityjit'
Mono config path = 'F:/Program Files/2020.2.0f1/Editor/Data/MonoBleedingEdge/etc'
Using monoOptions --debugger-agent=transport=dt_socket,embedding=1,server=y,suspend=n,address=127.0.0.1:56044
Begin MonoManager ReloadAssembly
Registering precompiled unity dll's ...
Register platform support module: F:/Program Files/2020.2.0f1/Editor/Data/PlaybackEngines/WebGLSupport/UnityEditor.WebGL.Extensions.dll
Register platform support module: F:/Program Files/2020.2.0f1/Editor/Data/PlaybackEngines/WindowsStandaloneSupport/UnityEditor.WindowsStandalone.Extensions.dll
Registered in 0.001043 seconds.
Native extension for WindowsStandalone target not found
Native extension for WebGL target not found
Refreshing native plugins compatible for Editor in 31.07 ms, found 1 plugins.
Preloading 0 native plugins for Editor in 0.00 ms.
Invoked RoslynAnalysisRunner static constructor.
RoslynAnalysisRunner will not be running.
RoslynAnalysisRunner has terminated.
Mono: successfully reloaded assembly
- Completed reload, in  0.850 seconds
Platform modules already initialized, skipping
Registering precompiled user dll's ...
Registered in 0.000638 seconds.
Begin MonoManager ReloadAssembly
Native extension for WindowsStandalone target not found
Native extension for WebGL target not found
Refreshing native plugins compatible for Editor in 31.36 ms, found 1 plugins.
Preloading 0 native plugins for Editor in 0.00 ms.
Invoked RoslynAnalysisRunner static constructor.
RoslynAnalysisRunner will not be running.
RoslynAnalysisRunner has terminated.
Mono: successfully reloaded assembly
- Completed reload, in  0.796 seconds
Platform modules already initialized, skipping
========================================================================
Worker process is ready to serve import requests
Launched and connected shader compiler UnityShaderCompiler.exe after 0.06 seconds
Refreshing native plugins compatible for Editor in 0.36 ms, found 1 plugins.
Preloading 0 native plugins for Editor in 0.00 ms.
Unloading 1948 Unused Serialized files (Serialized files now loaded: 0)
System memory in use before: 89.0 MB.
System memory in use after: 88.9 MB.

Unloading 25 unused Assets to reduce memory usage. Loaded Objects now: 2388.
Total: 2.032600 ms (FindLiveObjects: 0.175200 ms CreateObjectMapping: 0.044900 ms MarkObjects: 1.713800 ms  DeleteObjects: 0.097900 ms)

========================================================================
Received Import Request.
  path: Assets/Prefab/FastShootingTurret 1.prefab
  artifactKey: Guid(62a970dfd2350b14c8c2a3549868e628) Importer(815301076,1909f56bfc062723c751e8b465ee728b)
Start importing Assets/Prefab/FastShootingTurret 1.prefab using Guid(62a970dfd2350b14c8c2a3549868e628) Importer(815301076,1909f56bfc062723c751e8b465ee728b)  -> (artifact id: 'c026f5b8c76678f00425848af1dfa80e') in 0.082088 seconds
  Import took 0.085008 seconds .

========================================================================
Received Import Request.
  Time since last request: 0.000214 seconds.
  path: Assets/Prefab/Bullet.prefab
  artifactKey: Guid(c65efca653730014a8ade23912b4a75f) Importer(815301076,1909f56bfc062723c751e8b465ee728b)
Start importing Assets/Prefab/Bullet.prefab using Guid(c65efca653730014a8ade23912b4a75f) Importer(815301076,1909f56bfc062723c751e8b465ee728b)  -> (artifact id: '862faeb3840706f133c2000ca23387ff') in 0.008251 seconds
  Import took 0.011591 seconds .

========================================================================
Received Import Request.
  Time since last request: 0.000162 seconds.
  path: Assets/Prefab/ShootingTurret (2).prefab
  artifactKey: Guid(fcaf115ac5c6b1a4ba554b7014c4fa62) Importer(815301076,1909f56bfc062723c751e8b465ee728b)
Start importing Assets/Prefab/ShootingTurret (2).prefab using Guid(fcaf115ac5c6b1a4ba554b7014c4fa62) Importer(815301076,1909f56bfc062723c751e8b465ee728b)  -> (artifact id: '12e85d52ef804480632bee254c2ae5e4') in 0.007094 seconds
  Import took 0.009750 seconds .

========================================================================
Received Import Request.
  Time since last request: 0.000203 seconds.
  path: Assets/Prefab/Scrap.prefab
  artifactKey: Guid(f27890499aa09324cb216a76f0a7caa1) Importer(815301076,1909f56bfc062723c751e8b465ee728b)
Start importing Assets/Prefab/Scrap.prefab using Guid(f27890499aa09324cb216a76f0a7caa1) Importer(815301076,1909f56bfc062723c751e8b465ee728b)  -> (artifact id: '787cce79224eae573b416f12068745db') in 0.009475 seconds
  Import took 0.012193 seconds .

========================================================================
Received Import Request.
  Time since last request: 0.000213 seconds.
  path: Assets/Prefab/Platform.prefab
  artifactKey: Guid(471ba8fa5b4d6fd4abeee12b8a59d68a) Importer(815301076,1909f56bfc062723c751e8b465ee728b)
Start importing Assets/Prefab/Platform.prefab using Guid(471ba8fa5b4d6fd4abeee12b8a59d68a) Importer(815301076,1909f56bfc062723c751e8b465ee728b)  -> (artifact id: '60ee883b2bd3f9493f15e47cfb2d8989') in 0.006190 seconds
  Import took 0.009469 seconds .

========================================================================
Received Import Request.
  Time since last request: 0.000200 seconds.
  path: Assets/Prefab/KnockBackTurret.prefab
  artifactKey: Guid(c8553e97f03cdaa4b969da218a29e096) Importer(815301076,1909f56bfc062723c751e8b465ee728b)
Start importing Assets/Prefab/KnockBackTurret.prefab using Guid(c8553e97f03cdaa4b969da218a29e096) Importer(815301076,1909f56bfc062723c751e8b465ee728b)  -> (artifact id: '6e36b62d3dddcc45f3392e6ed2c876dd') in 0.006038 seconds
  Import took 0.065339 seconds .

========================================================================
Received Import Request.
  Time since last request: 0.000177 seconds.
  path: Assets/Prefab/SlowShootingTurret (1).prefab
  artifactKey: Guid(a1751f3bff09abb47b50ffc6ac9536cb) Importer(815301076,1909f56bfc062723c751e8b465ee728b)
Start importing Assets/Prefab/SlowShootingTurret (1).prefab using Guid(a1751f3bff09abb47b50ffc6ac9536cb) Importer(815301076,1909f56bfc062723c751e8b465ee728b)  -> (artifact id: '13594f9bc40903f53b2ad181dddf01e1') in 0.010347 seconds
  Import took 0.013075 seconds .

========================================================================
Received Import Request.
  Time since last request: 0.000163 seconds.
  path: Assets/Prefab/Enemy.prefab
  artifactKey: Guid(1f1ad6342bf38044db072c96f8a58f43) Importer(815301076,1909f56bfc062723c751e8b465ee728b)
Start importing Assets/Prefab/Enemy.prefab using Guid(1f1ad6342bf38044db072c96f8a58f43) Importer(815301076,1909f56bfc062723c751e8b465ee728b)  -> (artifact id: 'd887f683965c120000b393425cf78520') in 0.020951 seconds
  Import took 0.026958 seconds .

========================================================================
Received Import Request.
  Time since last request: 0.000196 seconds.
  path: Assets/Prefab/CanvasHealth.prefab
  artifactKey: Guid(e902246ed33019345b1ff4bf7ed15deb) Importer(815301076,1909f56bfc062723c751e8b465ee728b)
Start importing Assets/Prefab/CanvasHealth.prefab using Guid(e902246ed33019345b1ff4bf7ed15deb) Importer(815301076,1909f56bfc062723c751e8b465ee728b)  -> (artifact id: 'f1cdbc10947ab509ccf43b75de703b9d') in 0.007089 seconds
  Import took 0.010160 seconds .

========================================================================
Received Import Request.
  Time since last request: 0.000180 seconds.
  path: Assets/Prefab/WallTurrent.prefab
  artifactKey: Guid(cfca67f64c2186d4f800801a181fdc3e) Importer(815301076,1909f56bfc062723c751e8b465ee728b)
Start importing Assets/Prefab/WallTurrent.prefab using Guid(cfca67f64c2186d4f800801a181fdc3e) Importer(815301076,1909f56bfc062723c751e8b465ee728b)  -> (artifact id: '97b1ff4c175512b7a3c448bbc4463563') in 0.009509 seconds
  Import took 0.019459 seconds .

========================================================================
Received Import Request.
  Time since last request: 0.000174 seconds.
  path: Assets/Prefab/JumpPoint.prefab
  artifactKey: Guid(2403d5c57842c304d8bec98389ef8287) Importer(815301076,1909f56bfc062723c751e8b465ee728b)
Start importing Assets/Prefab/JumpPoint.prefab using Guid(2403d5c57842c304d8bec98389ef8287) Importer(815301076,1909f56bfc062723c751e8b465ee728b)  -> (artifact id: 'c44b327ba7009bcd2e39c844fcbd34a2') in 0.011761 seconds
  Import took 0.014603 seconds .

========================================================================
Received Import Request.
  Time since last request: 0.000233 seconds.
  path: Assets/Prefab/EnergyCore.prefab
  artifactKey: Guid(6f9ecde0c6b4e0041bfc7a85fc98db88) Importer(815301076,1909f56bfc062723c751e8b465ee728b)
Start importing Assets/Prefab/EnergyCore.prefab using Guid(6f9ecde0c6b4e0041bfc7a85fc98db88) Importer(815301076,1909f56bfc062723c751e8b465ee728b)  -> (artifact id: 'c002db17a6aab0da93d36f0f49e58e63') in 0.008856 seconds
  Import took 0.011685 seconds .

========================================================================
Received Prepare
Refreshing native plugins compatible for Editor in 1.36 ms, found 1 plugins.
Preloading 0 native plugins for Editor in 0.00 ms.
Unloading 10 Unused Serialized files (Serialized files now loaded: 0)
System memory in use before: 54.2 MB.
System memory in use after: 54.2 MB.

Unloading 10 unused Assets to reduce memory usage. Loaded Objects now: 2395.
Total: 2.187900 ms (FindLiveObjects: 0.213900 ms CreateObjectMapping: 0.046600 ms MarkObjects: 1.845700 ms  DeleteObjects: 0.080700 ms)

========================================================================
Received Import Request.
  Time since last request: 21.511362 seconds.
  path: Assets/Scripts/playerMovement.cs
  artifactKey: Guid(763da93094b7f8546b3fc2d18ddb70a4) Importer(815301076,1909f56bfc062723c751e8b465ee728b)
Start importing Assets/Scripts/playerMovement.cs using Guid(763da93094b7f8546b3fc2d18ddb70a4) Importer(815301076,1909f56bfc062723c751e8b465ee728b)  -> (artifact id: '4186cf84875720789be196f4bfb357c7') in 0.010032 seconds
  Import took 0.111263 seconds .

========================================================================
Received Prepare
Registering precompiled user dll's ...
Registered in 0.000746 seconds.
Begin MonoManager ReloadAssembly
Native extension for WindowsStandalone target not found
Native extension for WebGL target not found
Refreshing native plugins compatible for Editor in 0.36 ms, found 1 plugins.
Preloading 0 native plugins for Editor in 0.00 ms.
Invoked RoslynAnalysisRunner static constructor.
RoslynAnalysisRunner will not be running.
RoslynAnalysisRunner has terminated.
Mono: successfully reloaded assembly
- Completed reload, in  0.674 seconds
Platform modules already initialized, skipping
Refreshing native plugins compatible for Editor in 0.37 ms, found 1 plugins.
Preloading 0 native plugins for Editor in 0.00 ms.
Unloading 1941 Unused Serialized files (Serialized files now loaded: 0)
System memory in use before: 92.1 MB.
System memory in use after: 92.1 MB.

Unloading 13 unused Assets to reduce memory usage. Loaded Objects now: 2398.
Total: 1.703000 ms (FindLiveObjects: 0.159500 ms CreateObjectMapping: 0.040600 ms MarkObjects: 1.402500 ms  DeleteObjects: 0.099600 ms)

========================================================================
Received Prepare
Registering precompiled user dll's ...
Registered in 0.000939 seconds.
Begin MonoManager ReloadAssembly
Native extension for WindowsStandalone target not found
Native extension for WebGL target not found
Refreshing native plugins compatible for Editor in 0.38 ms, found 1 plugins.
Preloading 0 native plugins for Editor in 0.00 ms.
Invoked RoslynAnalysisRunner static constructor.
RoslynAnalysisRunner will not be running.
RoslynAnalysisRunner has terminated.
Mono: successfully reloaded assembly
- Completed reload, in  0.729 seconds
Platform modules already initialized, skipping
Refreshing native plugins compatible for Editor in 0.41 ms, found 1 plugins.
Preloading 0 native plugins for Editor in 0.00 ms.
Unloading 1941 Unused Serialized files (Serialized files now loaded: 0)
System memory in use before: 92.2 MB.
System memory in use after: 92.2 MB.

Unloading 13 unused Assets to reduce memory usage. Loaded Objects now: 2401.
Total: 1.822900 ms (FindLiveObjects: 0.236300 ms CreateObjectMapping: 0.043000 ms MarkObjects: 1.453300 ms  DeleteObjects: 0.089600 ms)

========================================================================
Received Prepare
Registering precompiled user dll's ...
Registered in 0.000760 seconds.
Begin MonoManager ReloadAssembly
Native extension for WindowsStandalone target not found
Native extension for WebGL target not found
Refreshing native plugins compatible for Editor in 0.37 ms, found 1 plugins.
Preloading 0 native plugins for Editor in 0.00 ms.
Invoked RoslynAnalysisRunner static constructor.
RoslynAnalysisRunner will not be running.
RoslynAnalysisRunner has terminated.
Mono: successfully reloaded assembly
- Completed reload, in  0.683 seconds
Platform modules already initialized, skipping
Refreshing native plugins compatible for Editor in 0.39 ms, found 1 plugins.
Preloading 0 native plugins for Editor in 0.00 ms.
Unloading 1941 Unused Serialized files (Serialized files now loaded: 0)
System memory in use before: 92.3 MB.
System memory in use after: 92.3 MB.

Unloading 13 unused Assets to reduce memory usage. Loaded Objects now: 2404.
Total: 1.884700 ms (FindLiveObjects: 0.196700 ms CreateObjectMapping: 0.041200 ms MarkObjects: 1.546500 ms  DeleteObjects: 0.099500 ms)

AssetImportWorkerClient::OnTransportError - code=2 error=End of file
